#
# There is insufficient memory for the Java Runtime Environment to continue.
# Native memory allocation (mmap) failed to map 67108864 bytes. Error detail: G1 virtual space
# Possible reasons:
#   The system is out of physical RAM or swap space
#   This process is running with CompressedOops enabled, and the Java Heap may be blocking the growth of the native heap
# Possible solutions:
#   Reduce memory load on the system
#   Increase physical memory or swap space
#   Check if swap backing store is full
#   Decrease Java heap size (-Xmx/-Xms)
#   Decrease number of Java threads
#   Decrease Java thread stack sizes (-Xss)
#   Set larger code cache with -XX:ReservedCodeCacheSize=
#   JVM is running with Unscaled Compressed Oops mode in which the Java heap is
#     placed in the first 4GB address space. The Java Heap base address is the
#     maximum limit for the native heap growth. Please use -XX:HeapBaseMinAddress
#     to set the Java Heap base and to place the Java Heap above 4GB virtual address.
# This output file may be truncated or incomplete.
#
#  Out of Memory Error (os_windows.cpp:3707), pid=18188, tid=33000
#
# JRE version:  (23.0.2+7) (build )
# Java VM: Java HotSpot(TM) 64-Bit Server VM (23.0.2+7-58, mixed mode, sharing, tiered, compressed oops, compressed class ptrs, g1 gc, windows-amd64)
# No core dump will be written. Minidumps are not enabled by default on client versions of Windows
#

---------------  S U M M A R Y ------------

Command Line: -Xmx64m -Xms64m -Dorg.gradle.appname=gradlew C:\Users\zulua\Documents\testlocal\trimestre_8\\gradle\wrapper\gradle-wrapper.jar test --stacktrace --info

Host: AMD Ryzen 5 7520U with Radeon Graphics         , 8 cores, 7G,  Windows 11 , 64 bit Build 26100 (10.0.26100.6725)
Time: Wed Nov  5 05:42:53 2025 Hora est. Pacífico, Sudamérica elapsed time: 2.093228 seconds (0d 0h 0m 2s)

---------------  T H R E A D  ---------------

Current thread (0x0000025021f117f0):  JavaThread "Unknown thread" [_thread_in_vm, id=33000, stack(0x000000bdc8a00000,0x000000bdc8b00000) (1024K)]

Stack: [0x000000bdc8a00000,0x000000bdc8b00000]
Native frames: (J=compiled Java code, j=interpreted, Vv=VM code, C=native code)
V  [jvm.dll+0x6e0b99]  (no source info available)
V  [jvm.dll+0x87e2b3]  (no source info available)
V  [jvm.dll+0x88073e]  (no source info available)
V  [jvm.dll+0x880e13]  (no source info available)
V  [jvm.dll+0x27b006]  (no source info available)
V  [jvm.dll+0x6dd485]  (no source info available)
V  [jvm.dll+0x6d127a]  (no source info available)
V  [jvm.dll+0x35b50a]  (no source info available)
V  [jvm.dll+0x363916]  (no source info available)
V  [jvm.dll+0x34fe7e]  (no source info available)
V  [jvm.dll+0x350118]  (no source info available)
V  [jvm.dll+0x328aec]  (no source info available)
V  [jvm.dll+0x32978e]  (no source info available)
V  [jvm.dll+0x8449a5]  (no source info available)
V  [jvm.dll+0x3b9a08]  (no source info available)
V  [jvm.dll+0x82d68c]  (no source info available)
V  [jvm.dll+0x454f2e]  (no source info available)
V  [jvm.dll+0x456db1]  (no source info available)
C  [jli.dll+0x52a3]  (no source info available)
C  [ucrtbase.dll+0x37b0]  (no source info available)
C  [KERNEL32.DLL+0x2e8d7]  (no source info available)
C  [ntdll.dll+0x8c53c]  (no source info available)

Lock stack of current Java thread (top to bottom):


---------------  P R O C E S S  ---------------

Threads class SMR info:
_java_thread_list=0x00007ffbf9d54618, length=0, elements={
}

Java Threads: ( => current thread )
Total: 0

Other Threads:
  0x0000025024238a90 WorkerThread "GC Thread#0"                     [id=33488, stack(0x000000bdc8b00000,0x000000bdc8c00000) (1024K)]
  0x000002502423bba0 ConcurrentGCThread "G1 Main Marker"            [id=9884, stack(0x000000bdc8c00000,0x000000bdc8d00000) (1024K)]
  0x000002502423c6b0 WorkerThread "G1 Conc#0"                       [id=33184, stack(0x000000bdc8d00000,0x000000bdc8e00000) (1024K)]

[error occurred during error reporting (printing all threads), id 0xc0000005, EXCEPTION_ACCESS_VIOLATION (0xc0000005) at pc=0x00007ffbf949c0da]
VM state: not at safepoint (not fully initialized)

VM Mutex/Monitor currently owned by a thread:  ([mutex/lock_event])
[0x00007ffbf9dd4988] Heap_lock - owner thread: 0x0000025021f117f0

Heap address: 0x00000000fc000000, size: 64 MB, Compressed Oops mode: 32-bit

CDS archive(s) mapped at: [0x0000000000000000-0x0000000000000000-0x0000000000000000), size 0, SharedBaseAddress: 0x0000000800000000, ArchiveRelocationMode: 1.
Narrow klass base: 0x0000000000000000, Narrow klass shift: 0, Narrow klass range: 0x0

GC Precious Log:
 CardTable entry size: 512
 Card Set container configuration: InlinePtr #cards 5 size 8 Array Of Cards #cards 10 size 36 Howl #buckets 4 coarsen threshold 1843 Howl Bitmap #cards 512 size 80 coarsen threshold 460 Card regions per heap region 1 cards per card region 2048

Heap:
 garbage-first heap   total reserved 65536K, committed 0K, used 0K [0x00000000fc000000, 0x0000000100000000)
  region size 1024K, 0 young (0K), 0 survivors (0K)

[error occurred during error reporting (printing heap information), id 0xc0000005, EXCEPTION_ACCESS_VIOLATION (0xc0000005) at pc=0x00007ffbf989c6a9]
GC Heap History (0 events):
No events

Dll operation events (1 events):
Event: 0.038 Loaded shared library C:\Program Files\Java\jdk-23\bin\java.dll

Deoptimization events (0 events):
No events

Classes loaded (0 events):
No events

Classes unloaded (0 events):
No events

Classes redefined (0 events):
No events

Internal exceptions (0 events):
No events

VM Operations (0 events):
No events

Memory protections (0 events):
No events

Nmethod flushes (0 events):
No events

Events (0 events):
No events


Dynamic libraries:
0x00007ff6f9b40000 - 0x00007ff6f9b50000 	C:\Program Files\Java\jdk-23\bin\java.exe
0x00007ffcc3d60000 - 0x00007ffcc3fc8000 	C:\WINDOWS\SYSTEM32\ntdll.dll
0x00007ffcc3880000 - 0x00007ffcc3949000 	C:\WINDOWS\System32\KERNEL32.DLL
0x00007ffcc1730000 - 0x00007ffcc1b22000 	C:\WINDOWS\System32\KERNELBASE.dll
0x00007ffcc1350000 - 0x00007ffcc149b000 	C:\WINDOWS\System32\ucrtbase.dll
0x00007ffc8eff0000 - 0x00007ffc8f00b000 	C:\Program Files\Java\jdk-23\bin\VCRUNTIME140.dll
0x00007ffc8ed20000 - 0x00007ffc8ed37000 	C:\Program Files\Java\jdk-23\bin\jli.dll
0x00007ffcc39b0000 - 0x00007ffcc3b75000 	C:\WINDOWS\System32\USER32.dll
0x00007ffcc0fa0000 - 0x00007ffcc0fc7000 	C:\WINDOWS\System32\win32u.dll
0x00007ffcc3bf0000 - 0x00007ffcc3c1b000 	C:\WINDOWS\System32\GDI32.dll
0x00007ffcc1560000 - 0x00007ffcc168d000 	C:\WINDOWS\System32\gdi32full.dll
0x00007ffcc0ef0000 - 0x00007ffcc0f93000 	C:\WINDOWS\System32\msvcp_win.dll
0x00007ffcc0300000 - 0x00007ffcc0593000 	C:\WINDOWS\WinSxS\amd64_microsoft.windows.common-controls_6595b64144ccf1df_6.0.26100.6899_none_3e0efeeae32e88c1\COMCTL32.dll
0x00007ffcc2040000 - 0x00007ffcc20e9000 	C:\WINDOWS\System32\msvcrt.dll
0x00007ffcc2350000 - 0x00007ffcc237f000 	C:\WINDOWS\System32\IMM32.DLL
0x00007ffcaa1d0000 - 0x00007ffcaa1dc000 	C:\Program Files\Java\jdk-23\bin\vcruntime140_1.dll
0x00007ffc5e7f0000 - 0x00007ffc5e87e000 	C:\Program Files\Java\jdk-23\bin\msvcp140.dll
0x00007ffbf9160000 - 0x00007ffbf9eb0000 	C:\Program Files\Java\jdk-23\bin\server\jvm.dll
0x00007ffcc20f0000 - 0x00007ffcc21a4000 	C:\WINDOWS\System32\ADVAPI32.dll
0x00007ffcc21e0000 - 0x00007ffcc2286000 	C:\WINDOWS\System32\sechost.dll
0x00007ffcc3020000 - 0x00007ffcc3138000 	C:\WINDOWS\System32\RPCRT4.dll
0x00007ffcc1b40000 - 0x00007ffcc1bb4000 	C:\WINDOWS\System32\WS2_32.dll
0x00007ffcc0d50000 - 0x00007ffcc0dae000 	C:\WINDOWS\SYSTEM32\POWRPROF.dll
0x00007ffcb6030000 - 0x00007ffcb6065000 	C:\WINDOWS\SYSTEM32\WINMM.dll
0x00007ffcb28a0000 - 0x00007ffcb28ab000 	C:\WINDOWS\SYSTEM32\VERSION.dll
0x00007ffcc0d30000 - 0x00007ffcc0d44000 	C:\WINDOWS\SYSTEM32\UMPDC.dll
0x00007ffcbf350000 - 0x00007ffcbf36b000 	C:\WINDOWS\SYSTEM32\kernel.appcore.dll
0x00007ffca7280000 - 0x00007ffca728a000 	C:\Program Files\Java\jdk-23\bin\jimage.dll
0x00007ffcc06d0000 - 0x00007ffcc0912000 	C:\WINDOWS\SYSTEM32\DBGHELP.DLL
0x00007ffcc2470000 - 0x00007ffcc27eb000 	C:\WINDOWS\System32\combase.dll
0x00007ffcc2390000 - 0x00007ffcc2467000 	C:\WINDOWS\System32\OLEAUT32.dll
0x00007ffcc05a0000 - 0x00007ffcc05dc000 	C:\WINDOWS\SYSTEM32\dbgcore.DLL
0x00007ffcc1690000 - 0x00007ffcc1728000 	C:\WINDOWS\System32\bcryptPrimitives.dll
0x00007ffc8e740000 - 0x00007ffc8e75e000 	C:\Program Files\Java\jdk-23\bin\java.dll
0x00007ffcc1ea0000 - 0x00007ffcc2038000 	C:\WINDOWS\System32\ole32.dll
0x00007ffcc27f0000 - 0x00007ffcc2f3d000 	C:\WINDOWS\System32\SHELL32.dll
0x00007ffcc1060000 - 0x00007ffcc11cb000 	C:\WINDOWS\System32\wintypes.dll

dbghelp: loaded successfully - version: 4.0.5 - missing functions: none
symbol engine: initialized successfully - sym options: 0x614 - pdb path: .;C:\Program Files\Java\jdk-23\bin;C:\WINDOWS\SYSTEM32;C:\WINDOWS\WinSxS\amd64_microsoft.windows.common-controls_6595b64144ccf1df_6.0.26100.6899_none_3e0efeeae32e88c1;C:\Program Files\Java\jdk-23\bin\server

VM Arguments:
jvm_args: -Xmx64m -Xms64m -Dorg.gradle.appname=gradlew 
java_command: C:\Users\zulua\Documents\testlocal\trimestre_8\\gradle\wrapper\gradle-wrapper.jar test --stacktrace --info
java_class_path (initial): C:\Users\zulua\Documents\testlocal\trimestre_8\\gradle\wrapper\gradle-wrapper.jar
Launcher Type: SUN_STANDARD

[Global flags]
     intx CICompilerCount                          = 4                                         {product} {ergonomic}
     uint ConcGCThreads                            = 2                                         {product} {ergonomic}
     uint G1ConcRefinementThreads                  = 8                                         {product} {ergonomic}
   size_t G1HeapRegionSize                         = 1048576                                   {product} {ergonomic}
   size_t InitialHeapSize                          = 67108864                                  {product} {command line}
   size_t MarkStackSize                            = 4194304                                   {product} {ergonomic}
   size_t MarkStackSizeMax                         = 536870912                                 {product} {ergonomic}
   size_t MaxHeapSize                              = 67108864                                  {product} {command line}
   size_t MinHeapDeltaBytes                        = 1048576                                   {product} {ergonomic}
   size_t MinHeapSize                              = 67108864                                  {product} {command line}
    uintx NonNMethodCodeHeapSize                   = 5832704                                {pd product} {ergonomic}
    uintx NonProfiledCodeHeapSize                  = 122945536                              {pd product} {ergonomic}
    uintx ProfiledCodeHeapSize                     = 122880000                              {pd product} {ergonomic}
    uintx ReservedCodeCacheSize                    = 251658240                              {pd product} {ergonomic}
     bool SegmentedCodeCache                       = true                                      {product} {ergonomic}
   size_t SoftMaxHeapSize                          = 67108864                               {manageable} {ergonomic}
     bool UseCompressedOops                        = true                           {product lp64_product} {ergonomic}
     bool UseG1GC                                  = true                                      {product} {ergonomic}
     bool UseLargePagesIndividualAllocation        = false                                  {pd product} {ergonomic}

Logging:
Log output configuration:
 #0: stdout all=warning uptime,level,tags foldmultilines=false
 #1: stderr all=off uptime,level,tags foldmultilines=false

Environment Variables:
JAVA_HOME=C:\Program Files\Java\jdk-23
PATH=C:\Program Files\Common Files\Oracle\Java\javapath;C:\Users\zulua\AppData\Local\Programs\Python\Python313\Scripts\;C:\Users\zulua\AppData\Local\Programs\Python\Python313\;C:\WINDOWS\system32;C:\WINDOWS;C:\WINDOWS\System32\Wbem;C:\WINDOWS\System32\WindowsPowerShell\v1.0\;C:\WINDOWS\System32\OpenSSH\;C:\Program Files (x86)\Symantec\VIP Access Client\;C:\xampp\php;C:\ProgramData\ComposerSetup\bin;C:\Program Files\nodejs\;C:\ProgramData\chocolatey\bin;C:\Program Files\Git\cmd;C:\Users\zulua\AppData\Local\Programs\Python\Python313\Scripts\;C:\Users\zulua\AppData\Local\Programs\Python\Python313\;C:\WINDOWS\system32;C:\WINDOWS;C:\WINDOWS\System32\Wbem;C:\WINDOWS\System32\WindowsPowerShell\v1.0\;C:\WINDOWS\System32\OpenSSH\;C:\Program Files (x86)\Symantec\VIP Access Client\;C:\xampp\php;C:\ProgramData\ComposerSetup\bin;C:\Program Files\nodejs\;C:\ProgramData\chocolatey\bin;C:\Users\zulua\AppData\Local\Microsoft\WindowsApps;C:\Program Files (x86)\Nmap;C:\Users\zulua\AppData\Local\Programs\Microsoft VS Code\bin;C:\Program Files\JetBrains\IntelliJ IDEA Community Edition 2025.2\bin;C:\Users\zulua\AppData\Roaming\Composer\vendor\bin;C:\Users\zulua\AppData\Roaming\npm;C:\Program Files\nodejs;C:\Program Files\JetBrains\IntelliJ IDEA 2024.3.4.1\bin;;C:\Program Files\Java\jdk-23\bin;
USERNAME=zulua
OS=Windows_NT
PROCESSOR_IDENTIFIER=AMD64 Family 23 Model 160 Stepping 0, AuthenticAMD
TMP=C:\Users\zulua\AppData\Local\Temp
TEMP=C:\Users\zulua\AppData\Local\Temp




Periodic native trim disabled

---------------  S Y S T E M  ---------------

OS:
 Windows 11 , 64 bit Build 26100 (10.0.26100.6725)
OS uptime: 4 days 14:23 hours
Hyper-V role detected

CPU: total 8 (initial active 8) (8 cores per cpu, 2 threads per core) family 23 model 160 stepping 0 microcode 0x8a00006, cx8, cmov, fxsr, ht, mmx, 3dnowpref, sse, sse2, sse3, ssse3, sse4a, sse4.1, sse4.2, popcnt, lzcnt, tsc, tscinvbit, avx, avx2, aes, clmul, bmi1, bmi2, adx, sha, fma, vzeroupper, clflush, clflushopt, hv, rdtscp, rdpid, f16c
Processor Information for processor 0
  Max Mhz: 2801, Current Mhz: 2246, Mhz Limit: 2801
Processor Information for processor 1
  Max Mhz: 2801, Current Mhz: 2246, Mhz Limit: 2801
Processor Information for processor 2
  Max Mhz: 2801, Current Mhz: 2801, Mhz Limit: 2801
Processor Information for processor 3
  Max Mhz: 2801, Current Mhz: 2246, Mhz Limit: 2801
Processor Information for processor 4
  Max Mhz: 2801, Current Mhz: 2246, Mhz Limit: 2801
Processor Information for processor 5
  Max Mhz: 2801, Current Mhz: 2246, Mhz Limit: 2801
Processor Information for processor 6
  Max Mhz: 2801, Current Mhz: 2246, Mhz Limit: 2801
Processor Information for processor 7
  Max Mhz: 2801, Current Mhz: 2246, Mhz Limit: 2801

Memory: 4k page, system-wide physical 7455M (533M free)
TotalPageFile size 29983M (AvailPageFile size 58M)
current process WorkingSet (physical memory assigned to process): 13M, peak: 13M
current process commit charge ("private bytes"): 60M, peak: 124M

vm_info: Java HotSpot(TM) 64-Bit Server VM (23.0.2+7-58) for windows-amd64 JRE (23.0.2+7-58), built on 2024-11-29T09:34:55Z with MS VC++ 17.6 (VS2022)

END.
