#
# There is insufficient memory for the Java Runtime Environment to continue.
# Native memory allocation (mmap) failed to map 123731968 bytes for G1 virtual space
# Possible reasons:
#   The system is out of physical RAM or swap space
#   The process is running with CompressedOops enabled, and the Java Heap may be blocking the growth of the native heap
# Possible solutions:
#   Reduce memory load on the system
#   Increase physical memory or swap space
#   Check if swap backing store is full
#   Decrease Java heap size (-Xmx/-Xms)
#   Decrease number of Java threads
#   Decrease Java thread stack sizes (-Xss)
#   Set larger code cache with -XX:ReservedCodeCacheSize=
#   JVM is running with Unscaled Compressed Oops mode in which the Java heap is
#     placed in the first 4GB address space. The Java Heap base address is the
#     maximum limit for the native heap growth. Please use -XX:HeapBaseMinAddress
#     to set the Java Heap base and to place the Java Heap above 4GB virtual address.
# This output file may be truncated or incomplete.
#
#  Out of Memory Error (./src/hotspot/os/windows/os_windows.cpp:3321), pid=19548, tid=33124
#
# JRE version:  (15.0.2+7) (build )
# Java VM: OpenJDK 64-Bit Server VM (15.0.2+7, mixed mode, sharing, tiered, compressed oops, g1 gc, windows-amd64)
# No core dump will be written. Minidumps are not enabled by default on client versions of Windows
#

---------------  S U M M A R Y ------------

Command Line: -Dorg.gradle.internal.worker.tmpdir=C:\Users\zulua\Documents\testlocal\trimestre_8\build\tmp\test\work -Xmx512m -Dfile.encoding=UTF-8 -Duser.country=CO -Duser.language=es -Duser.variant -ea worker.org.gradle.process.internal.worker.GradleWorkerMain 'Gradle Test Executor 7'

Host: AMD Ryzen 5 7520U with Radeon Graphics         , 8 cores, 7G,  Windows 10 , 64 bit Build 26100 (10.0.26100.6725)
Time: Wed Nov  5 05:36:50 2025 Hora est. Pacífico, Sudamérica elapsed time: 1.320566 seconds (0d 0h 0m 1s)

---------------  T H R E A D  ---------------

Current thread (0x000001bbe49fe810):  JavaThread "Unknown thread" [_thread_in_vm, id=33124, stack(0x00000045a9300000,0x00000045a9400000)]

Stack: [0x00000045a9300000,0x00000045a9400000]
Native frames: (J=compiled Java code, j=interpreted, Vv=VM code, C=native code)
V  [jvm.dll+0x5f7aea]
V  [jvm.dll+0x7978c9]
V  [jvm.dll+0x799023]
V  [jvm.dll+0x799673]
V  [jvm.dll+0x1fc4f8]
V  [jvm.dll+0x5f4e3a]
V  [jvm.dll+0x5e9c25]
V  [jvm.dll+0x2b5c2d]
V  [jvm.dll+0x2b5a92]
V  [jvm.dll+0x2bb8fc]
V  [jvm.dll+0x307748]
V  [jvm.dll+0x306e04]
V  [jvm.dll+0x28cd5a]
V  [jvm.dll+0x28dec0]
V  [jvm.dll+0x7752a1]
V  [jvm.dll+0x315664]
V  [jvm.dll+0x75660c]
V  [jvm.dll+0x3930ef]
V  [jvm.dll+0x394d91]
C  [jli.dll+0x5243]
C  [ucrtbase.dll+0x37b0]
C  [KERNEL32.DLL+0x2e8d7]
C  [ntdll.dll+0x8c53c]


---------------  P R O C E S S  ---------------

Threads class SMR info:
_java_thread_list=0x00007ffc1b5c1b90, length=0, elements={
}

Java Threads: ( => current thread )

Other Threads:
  0x000001bbe627e050 GCTaskThread "GC Thread#0" [stack: 0x00000045a9400000,0x00000045a9500000] [id=33296]
  0x000001bbe62831a0 ConcurrentGCThread "G1 Main Marker" [stack: 0x00000045a9500000,0x00000045a9600000] [id=28148]
  0x000001bbe6284a60 ConcurrentGCThread "G1 Conc#0" [stack: 0x00000045a9600000,0x00000045a9700000] [id=32668]

[error occurred during error reporting (printing all threads), id 0xc0000005, EXCEPTION_ACCESS_VIOLATION (0xc0000005) at pc=0x00007ffc1ad6de47]

VM state: not at safepoint (not fully initialized)

VM Mutex/Monitor currently owned by a thread:  ([mutex/lock_event])
[0x000001bbe6251970] Heap_lock - owner thread: 0x000001bbe49fe810

Heap address: 0x00000000e0000000, size: 512 MB, Compressed Oops mode: 32-bit
CDS archive(s) mapped at: [0x0000000000000000-0x0000000000000000-0x0000000000000000), size 0, SharedBaseAddress: 0x0000000800000000, ArchiveRelocationMode: 0.
Narrow klass base: 0x0000000000000000, Narrow klass shift: 0, Narrow klass range: 0x0

Heap:
 garbage-first heap   total 120832K, used 0K [0x00000000e0000000, 0x0000000100000000)
  region size 1024K, 0 young (0K), 0 survivors (0K)
 Metaspace       used 0K, capacity 0K, committed 0K, reserved 0K
  class space    used 0K, capacity 0K, committed 0K, reserved 0K

Heap Regions: E=young(eden), S=young(survivor), O=old, HS=humongous(starts), HC=humongous(continues), CS=collection set, F=free, OA=open archive, CA=closed archive, TAMS=top-at-mark-start (previous, next)

Card table byte_map: [0x000001bbfe2e0000,0x000001bbfe3e0000] _byte_map_base: 0x000001bbfdbe0000

Marking Bits (Prev, Next): (CMBitMap*) 0x000001bbe627e840, (CMBitMap*) 0x000001bbe627e880
 Prev Bits: [0x000001bbfe4e0000, 0x000001bbfece0000)
 Next Bits: [0x000001bbfece0000, 0x000001bbff4e0000)

GC Heap History (0 events):
No events

Deoptimization events (0 events):
No events

Classes unloaded (0 events):
No events

Classes redefined (0 events):
No events

Internal exceptions (0 events):
No events

Events (1 events):
Event: 0.014 Loaded shared library C:\Users\zulua\.jdks\corretto-15.0.2\bin\java.dll


Dynamic libraries:
0x00007ff75fbe0000 - 0x00007ff75fbed000 	C:\Users\zulua\.jdks\corretto-15.0.2\bin\java.exe
0x00007ffcc3d60000 - 0x00007ffcc3fc8000 	C:\WINDOWS\SYSTEM32\ntdll.dll
0x00007ffcc3880000 - 0x00007ffcc3949000 	C:\WINDOWS\System32\KERNEL32.DLL
0x00007ffcc1730000 - 0x00007ffcc1b22000 	C:\WINDOWS\System32\KERNELBASE.dll
0x00007ffcc1350000 - 0x00007ffcc149b000 	C:\WINDOWS\System32\ucrtbase.dll
0x00007ffcbac80000 - 0x00007ffcbac95000 	C:\Users\zulua\.jdks\corretto-15.0.2\bin\VCRUNTIME140.dll
0x00007ffcaabb0000 - 0x00007ffcaabc8000 	C:\Users\zulua\.jdks\corretto-15.0.2\bin\jli.dll
0x00007ffcc39b0000 - 0x00007ffcc3b75000 	C:\WINDOWS\System32\USER32.dll
0x00007ffcc0300000 - 0x00007ffcc0593000 	C:\WINDOWS\WinSxS\amd64_microsoft.windows.common-controls_6595b64144ccf1df_6.0.26100.6899_none_3e0efeeae32e88c1\COMCTL32.dll
0x00007ffcc0fa0000 - 0x00007ffcc0fc7000 	C:\WINDOWS\System32\win32u.dll
0x00007ffcc2040000 - 0x00007ffcc20e9000 	C:\WINDOWS\System32\msvcrt.dll
0x00007ffcc3bf0000 - 0x00007ffcc3c1b000 	C:\WINDOWS\System32\GDI32.dll
0x00007ffcc1560000 - 0x00007ffcc168d000 	C:\WINDOWS\System32\gdi32full.dll
0x00007ffcc0ef0000 - 0x00007ffcc0f93000 	C:\WINDOWS\System32\msvcp_win.dll
0x00007ffcc2350000 - 0x00007ffcc237f000 	C:\WINDOWS\System32\IMM32.DLL
0x00007ffc69130000 - 0x00007ffc691cb000 	C:\Users\zulua\.jdks\corretto-15.0.2\bin\msvcp140.dll
0x00007ffc1aad0000 - 0x00007ffc1b661000 	C:\Users\zulua\.jdks\corretto-15.0.2\bin\server\jvm.dll
0x00007ffcc20f0000 - 0x00007ffcc21a4000 	C:\WINDOWS\System32\ADVAPI32.dll
0x00007ffcc21e0000 - 0x00007ffcc2286000 	C:\WINDOWS\System32\sechost.dll
0x00007ffcc3020000 - 0x00007ffcc3138000 	C:\WINDOWS\System32\RPCRT4.dll
0x00007ffcc3010000 - 0x00007ffcc3018000 	C:\WINDOWS\System32\PSAPI.DLL
0x00007ffcb6030000 - 0x00007ffcb6065000 	C:\WINDOWS\SYSTEM32\WINMM.dll
0x00007ffca9da0000 - 0x00007ffca9daa000 	C:\WINDOWS\SYSTEM32\WSOCK32.dll
0x00007ffcb28a0000 - 0x00007ffcb28ab000 	C:\WINDOWS\SYSTEM32\VERSION.dll
0x00007ffcc1b40000 - 0x00007ffcc1bb4000 	C:\WINDOWS\System32\WS2_32.dll
0x00007ffcbf350000 - 0x00007ffcbf36b000 	C:\WINDOWS\SYSTEM32\kernel.appcore.dll
0x00007ffcbb110000 - 0x00007ffcbb11a000 	C:\Users\zulua\.jdks\corretto-15.0.2\bin\jimage.dll
0x00007ffcc06d0000 - 0x00007ffcc0912000 	C:\WINDOWS\SYSTEM32\DBGHELP.DLL
0x00007ffcc2470000 - 0x00007ffcc27eb000 	C:\WINDOWS\System32\combase.dll
0x00007ffcc2390000 - 0x00007ffcc2467000 	C:\WINDOWS\System32\OLEAUT32.dll
0x00007ffcc05a0000 - 0x00007ffcc05dc000 	C:\WINDOWS\SYSTEM32\dbgcore.DLL
0x00007ffcc1690000 - 0x00007ffcc1728000 	C:\WINDOWS\System32\bcryptPrimitives.dll
0x00007ffcaab80000 - 0x00007ffcaaba5000 	C:\Users\zulua\.jdks\corretto-15.0.2\bin\java.dll

dbghelp: loaded successfully - version: 4.0.5 - missing functions: none
symbol engine: initialized successfully - sym options: 0x614 - pdb path: .;C:\Users\zulua\.jdks\corretto-15.0.2\bin;C:\WINDOWS\SYSTEM32;C:\WINDOWS\WinSxS\amd64_microsoft.windows.common-controls_6595b64144ccf1df_6.0.26100.6899_none_3e0efeeae32e88c1;C:\Users\zulua\.jdks\corretto-15.0.2\bin\server

VM Arguments:
jvm_args: -Dorg.gradle.internal.worker.tmpdir=C:\Users\zulua\Documents\testlocal\trimestre_8\build\tmp\test\work -Xmx512m -Dfile.encoding=UTF-8 -Duser.country=CO -Duser.language=es -Duser.variant -ea 
java_command: worker.org.gradle.process.internal.worker.GradleWorkerMain 'Gradle Test Executor 7'
java_class_path (initial): C:\\Users\\zulua\\.gradle\\caches\\8.14\\workerMain\\gradle-worker.jar;C:\\Users\\zulua\\Documents\\testlocal\\trimestre_8\\build\\classes\\java\\test;C:\\Users\\zulua\\Documents\\testlocal\\trimestre_8\\build\\resources\\test;C:\\Users\\zulua\\Documents\\testlocal\\trimestre_8\\build\\classes\\java\\main;C:\\Users\\zulua\\.gradle\\caches\\modules-2\\files-2.1\\org.slf4j\\slf4j-simple\\2.0.0-alpha1\\d594af78d1ed5243920efdad3aac7703dd3622b6\\slf4j-simple-2.0.0-alpha1.jar;C:\\Users\\zulua\\.gradle\\caches\\modules-2\\files-2.1\\net.serenity-bdd\\serenity-cucumber\\1.9.51\\fc2a17dd9359c50fc990aec6f307f748f93c9c7b\\serenity-cucumber-1.9.51.jar;C:\\Users\\zulua\\.gradle\\caches\\modules-2\\files-2.1\\net.serenity-bdd\\serenity-ensure\\2.0.49\\df535569b8910469f6e14da3af5481065c16f0c1\\serenity-ensure-2.0.49.jar;C:\\Users\\zulua\\.gradle\\caches\\modules-2\\files-2.1\\net.serenity-bdd\\serenity-junit\\2.1.1\\dc4ebf958ed5029fb2184e3bb8a130ee459e893d\\serenity-junit-2.1.1.jar;C:\\Users\\zulua\\.gradle\\caches\\modules-2\\files-2.1\\net.serenity-bdd\\serenity-screenplay-webdriver\\2.1.1\\656bf405f37c6bdd5192b1a0856933a89679edff\\serenity-screenplay-webdriver-2.1.1.jar;C:\\Users\\zulua\\.gradle\\caches\\modules-2\\files-2.1\\net.serenity-bdd\\serenity-screenplay-rest\\2.1.1\\88d7dd5b43e5dd3e482dabb7794b78c440ee030e\\serenity-screenplay-rest-2.1.1.jar;C:\\Users\\zulua\\.gradle\\caches\\modules-2\\files-2.1\\net.serenity-bdd\\serenity-screenplay\\2.1.1\\7a345a4a9c6dcb11df92d6bed4149b2e5937d771\\serenity-screenplay-2.1.1.jar;C:\\Users\\zulua\\.gradle\\caches\\modules-2\\files-2.1\\net.serenity-bdd\\serenity-rest-assured\\2.1.1\\d95cb1b0fa8392c964cafbc765466050119bd5b9\\serenity-rest-assured-2.1.1.jar;C:\\Users\\zulua\\.gradle\\caches\\modules-2\\files-2.1\\net.serenity-bdd\\serenity-core\\2.1.1\\e194b10205498947633f6cabc2d43fe284df7d42\\serenity-core-2.1.1.jar;C:\\Users\\zulua\\.gradle\\caches\\modules-2\\files-2.1\\net.serenity-bdd\\serenity-reports\
Launcher Type: SUN_STANDARD

[Global flags]
     intx CICompilerCount                          = 4                                         {product} {ergonomic}
     uint ConcGCThreads                            = 2                                         {product} {ergonomic}
     uint G1ConcRefinementThreads                  = 8                                         {product} {ergonomic}
   size_t G1HeapRegionSize                         = 1048576                                   {product} {ergonomic}
    uintx GCDrainStackTargetSize                   = 64                                        {product} {ergonomic}
   size_t InitialHeapSize                          = 123731968                                 {product} {ergonomic}
   size_t MarkStackSize                            = 4194304                                   {product} {ergonomic}
   size_t MaxHeapSize                              = 536870912                                 {product} {command line}
   size_t MinHeapDeltaBytes                        = 1048576                                   {product} {ergonomic}
   size_t MinHeapSize                              = 8388608                                   {product} {ergonomic}
    uintx NonNMethodCodeHeapSize                   = 5839372                                {pd product} {ergonomic}
    uintx NonProfiledCodeHeapSize                  = 122909434                              {pd product} {ergonomic}
    uintx ProfiledCodeHeapSize                     = 122909434                              {pd product} {ergonomic}
    uintx ReservedCodeCacheSize                    = 251658240                              {pd product} {ergonomic}
     bool SegmentedCodeCache                       = true                                      {product} {ergonomic}
   size_t SoftMaxHeapSize                          = 536870912                              {manageable} {ergonomic}
     bool UseCompressedClassPointers               = true                                 {lp64_product} {ergonomic}
     bool UseCompressedOops                        = true                                 {lp64_product} {ergonomic}
     bool UseG1GC                                  = true                                      {product} {ergonomic}
     bool UseLargePagesIndividualAllocation        = false                                  {pd product} {ergonomic}

Logging:
Log output configuration:
 #0: stdout all=warning uptime,level,tags
 #1: stderr all=off uptime,level,tags

Environment Variables:
JAVA_HOME=C:\Program Files\Java\jdk-23
PATH=C:\Program Files\Common Files\Oracle\Java\javapath;C:\Users\zulua\AppData\Local\Programs\Python\Python313\Scripts\;C:\Users\zulua\AppData\Local\Programs\Python\Python313\;C:\WINDOWS\system32;C:\WINDOWS;C:\WINDOWS\System32\Wbem;C:\WINDOWS\System32\WindowsPowerShell\v1.0\;C:\WINDOWS\System32\OpenSSH\;C:\Program Files (x86)\Symantec\VIP Access Client\;C:\xampp\php;C:\ProgramData\ComposerSetup\bin;C:\Program Files\nodejs\;C:\ProgramData\chocolatey\bin;C:\Program Files\Git\cmd;C:\Users\zulua\AppData\Local\Programs\Python\Python313\Scripts\;C:\Users\zulua\AppData\Local\Programs\Python\Python313\;C:\WINDOWS\system32;C:\WINDOWS;C:\WINDOWS\System32\Wbem;C:\WINDOWS\System32\WindowsPowerShell\v1.0\;C:\WINDOWS\System32\OpenSSH\;C:\Program Files (x86)\Symantec\VIP Access Client\;C:\xampp\php;C:\ProgramData\ComposerSetup\bin;C:\Program Files\nodejs\;C:\ProgramData\chocolatey\bin;C:\Users\zulua\AppData\Local\Microsoft\WindowsApps;C:\Program Files (x86)\Nmap;C:\Users\zulua\AppData\Local\Programs\Microsoft VS Code\bin;C:\Program Files\JetBrains\IntelliJ IDEA Community Edition 2025.2\bin;C:\Users\zulua\AppData\Roaming\Composer\vendor\bin;C:\Users\zulua\AppData\Roaming\npm;C:\Program Files\nodejs;C:\Program Files\JetBrains\IntelliJ IDEA 2024.3.4.1\bin;;C:\Program Files\Java\jdk-23\bin;
USERNAME=zulua
OS=Windows_NT
PROCESSOR_IDENTIFIER=AMD64 Family 23 Model 160 Stepping 0, AuthenticAMD



---------------  S Y S T E M  ---------------

OS:
 Windows 10 , 64 bit Build 26100 (10.0.26100.6725)
OS uptime: 4 days 14:17 hours
HyperV virtualization detected

CPU: total 8 (initial active 8) (8 cores per cpu, 2 threads per core) family 23 model 160 stepping 0 microcode 0x8a00006, cmov, cx8, fxsr, mmx, sse, sse2, sse3, ssse3, sse4.1, sse4.2, popcnt, vzeroupper, avx, avx2, aes, clmul, 3dnowpref, lzcnt, sse4a, ht, tsc, tscinvbit, tscinv, bmi1, bmi2, adx, sha, fma, clflush, clflushopt

Memory: 4k page, system-wide physical 7455M (515M free)
TotalPageFile size 29983M (AvailPageFile size 88M)
current process WorkingSet (physical memory assigned to process): 12M, peak: 12M
current process commit charge ("private bytes"): 60M, peak: 178M

vm_info: OpenJDK 64-Bit Server VM (15.0.2+7) for windows-amd64 JRE (15.0.2+7), built on Jan 20 2021 22:17:45 by "Administrator" with MS VC++ 15.9 (VS2017)

END.
